<?xml version="1.0" encoding="UTF-8"?>
<!-- Generated by org.testng.reporters.JUnitXMLReporter -->
<testsuite hostname="INCHEXTSLT026" ignored="6" name="firefox" tests="4" failures="3" timestamp="2023-09-30T10:22:35 IST" time="290.785" errors="0">
  <testcase name="runLogin" time="17.281" classname="com.pos.testcases.EditCustomer">
    <failure type="java.lang.RuntimeException" message="See the reporter for details.">
      <![CDATA[java.lang.RuntimeException: See the reporter for details.
at com.framework.utils.Reporter.reportStep(Reporter.java:101)
at com.framework.utils.Reporter.reportStep(Reporter.java:116)
at com.framework.selenium.api.base.SeleniumBase.locateElement(SeleniumBase.java:657)
at com.pos.pages.CustomersPage.clickEditIcon(CustomersPage.java:29)
at com.pos.testcases.EditCustomer.runLogin(EditCustomer.java:27)
at java.util.concurrent.ThreadPoolExecutor.runWorker(Unknown Source)
at java.util.concurrent.ThreadPoolExecutor$Worker.run(Unknown Source)
at java.lang.Thread.run(Unknown Source)
... Removed 12 stack frames]]>
    </failure>
  </testcase> <!-- runLogin -->
  <testcase name="runLogin" time="17.35" classname="com.pos.testcases.DeleteCustomer">
    <failure type="java.lang.RuntimeException" message="See the reporter for details.">
      <![CDATA[java.lang.RuntimeException: See the reporter for details.
at com.framework.utils.Reporter.reportStep(Reporter.java:101)
at com.framework.utils.Reporter.reportStep(Reporter.java:116)
at com.framework.selenium.api.base.SeleniumBase.locateElement(SeleniumBase.java:657)
at com.pos.pages.CustomersPage.clickDeleteIcon(CustomersPage.java:39)
at com.pos.testcases.DeleteCustomer.runLogin(DeleteCustomer.java:27)
at java.util.concurrent.ThreadPoolExecutor.runWorker(Unknown Source)
at java.util.concurrent.ThreadPoolExecutor$Worker.run(Unknown Source)
at java.lang.Thread.run(Unknown Source)
... Removed 12 stack frames]]>
    </failure>
  </testcase> <!-- runLogin -->
  <testcase name="runLogin" time="17.05" classname="com.pos.testcases.EditVendor">
    <failure type="java.lang.RuntimeException" message="See the reporter for details.">
      <![CDATA[java.lang.RuntimeException: See the reporter for details.
at com.framework.utils.Reporter.reportStep(Reporter.java:101)
at com.framework.utils.Reporter.reportStep(Reporter.java:116)
at com.framework.selenium.api.base.SeleniumBase.locateElement(SeleniumBase.java:657)
at com.pos.pages.VendorsPage.clickVendorEditIcon(VendorsPage.java:30)
at com.pos.testcases.EditVendor.runLogin(EditVendor.java:27)
at java.util.concurrent.ThreadPoolExecutor.runWorker(Unknown Source)
at java.util.concurrent.ThreadPoolExecutor$Worker.run(Unknown Source)
at java.lang.Thread.run(Unknown Source)
... Removed 12 stack frames]]>
    </failure>
  </testcase> <!-- runLogin -->
  <testcase name="runLogin" time="20.571" classname="com.pos.testcases.CreateNewVendor"/>
  <testcase name="@BeforeSuite startReport" time="0.0" classname="com.framework.utils.Reporter">
    <ignored/>
  </testcase> <!-- @BeforeSuite startReport -->
  <testcase name="@BeforeSuite startReport" time="0.0" classname="com.framework.utils.Reporter">
    <ignored/>
  </testcase> <!-- @BeforeSuite startReport -->
  <testcase name="@BeforeSuite startReport" time="0.0" classname="com.framework.utils.Reporter">
    <ignored/>
  </testcase> <!-- @BeforeSuite startReport -->
  <testcase name="@AfterSuite endResult" time="0.0" classname="com.framework.utils.Reporter">
    <ignored/>
  </testcase> <!-- @AfterSuite endResult -->
  <testcase name="@AfterSuite endResult" time="0.0" classname="com.framework.utils.Reporter">
    <ignored/>
  </testcase> <!-- @AfterSuite endResult -->
  <testcase name="@AfterSuite endResult" time="0.0" classname="com.framework.utils.Reporter">
    <ignored/>
  </testcase> <!-- @AfterSuite endResult -->
</testsuite> <!-- firefox -->
